-- Downloading https://github.com/libsdl-org/SDL/archive/release-2.30.0.tar.gz -> libsdl-org-SDL-release-2.30.0.tar.gz...
-- Extracting source C:/Users/Etienne SCHMITZ/AppData/Local/vcpkg/downloads/libsdl-org-SDL-release-2.30.0.tar.gz
-- Applying patch deps.patch
-- Applying patch alsa-dep-fix.patch
-- Using source at C:/Users/Etienne SCHMITZ/OneDrive - ESME/Documents/Dévelopement/Template_SDL2/vcpkg_installed/vcpkg/blds/sdl2/src/ase-2.30.0-3ceee4a14f.clean
-- Found external ninja('1.11.0').
-- Configuring x64-windows
CMake Warning at C:/Users/Etienne SCHMITZ/OneDrive - ESME/Documents/Dévelopement/Template_SDL2/vcpkg_installed/x64-windows/share/vcpkg-cmake/vcpkg_cmake_configure.cmake:318 (message):
  The following variables are not used in CMakeLists.txt:

      CMAKE_DISABLE_FIND_PACKAGE_ALSA
      CMAKE_REQUIRE_FIND_PACKAGE_ALSA

  Please recheck them and remove the unnecessary options from the
  `vcpkg_cmake_configure` call.

  If these options should still be passed for whatever reason, please use the
  `MAYBE_UNUSED_VARIABLES` argument.
Call Stack (most recent call first):
  C:/Users/Etienne SCHMITZ/AppData/Local/vcpkg/registries/git-trees/4ab64007873e4e383360819f5227ad0747c649d1/portfile.cmake:43 (vcpkg_cmake_configure)
  scripts/ports.cmake:170 (include)


-- Building x64-windows-dbg
-- Building x64-windows-rel
CMake Warning at scripts/cmake/vcpkg_copy_pdbs.cmake:44 (message):
  Could not find a matching pdb file for:

      C:/Users/Etienne SCHMITZ/OneDrive - ESME/Documents/Dévelopement/Template_SDL2/vcpkg_installed/vcpkg/pkgs/sdl2_x64-windows/bin/SDL2.dll
      C:/Users/Etienne SCHMITZ/OneDrive - ESME/Documents/Dévelopement/Template_SDL2/vcpkg_installed/vcpkg/pkgs/sdl2_x64-windows/debug/bin/SDL2d.dll

Call Stack (most recent call first):
  C:/Users/Etienne SCHMITZ/AppData/Local/vcpkg/registries/git-trees/4ab64007873e4e383360819f5227ad0747c649d1/portfile.cmake:99 (vcpkg_copy_pdbs)
  scripts/ports.cmake:170 (include)


-- Fixing pkgconfig file: C:/Users/Etienne SCHMITZ/OneDrive - ESME/Documents/Dévelopement/Template_SDL2/vcpkg_installed/vcpkg/pkgs/sdl2_x64-windows/lib/pkgconfig/sdl2.pc
-- Downloading https://mirror.msys2.org/mingw/mingw64/mingw-w64-x86_64-pkgconf-1~2.1.0-1-any.pkg.tar.zst;https://repo.msys2.org/mingw/mingw64/mingw-w64-x86_64-pkgconf-1~2.1.0-1-any.pkg.tar.zst;https://mirror.yandex.ru/mirrors/msys2/mingw/mingw64/mingw-w64-x86_64-pkgconf-1~2.1.0-1-any.pkg.tar.zst;https://mirrors.tuna.tsinghua.edu.cn/msys2/mingw/mingw64/mingw-w64-x86_64-pkgconf-1~2.1.0-1-any.pkg.tar.zst;https://mirrors.ustc.edu.cn/msys2/mingw/mingw64/mingw-w64-x86_64-pkgconf-1~2.1.0-1-any.pkg.tar.zst;https://mirror.selfnet.de/msys2/mingw/mingw64/mingw-w64-x86_64-pkgconf-1~2.1.0-1-any.pkg.tar.zst -> mingw-w64-x86_64-pkgconf-1~2.1.0-1-any.pkg.tar.zst...
-- Downloading https://mirror.msys2.org/msys/x86_64/msys2-runtime-3.4.9-3-x86_64.pkg.tar.zst;https://repo.msys2.org/msys/x86_64/msys2-runtime-3.4.9-3-x86_64.pkg.tar.zst;https://mirror.yandex.ru/mirrors/msys2/msys/x86_64/msys2-runtime-3.4.9-3-x86_64.pkg.tar.zst;https://mirrors.tuna.tsinghua.edu.cn/msys2/msys/x86_64/msys2-runtime-3.4.9-3-x86_64.pkg.tar.zst;https://mirrors.ustc.edu.cn/msys2/msys/x86_64/msys2-runtime-3.4.9-3-x86_64.pkg.tar.zst;https://mirror.selfnet.de/msys2/msys/x86_64/msys2-runtime-3.4.9-3-x86_64.pkg.tar.zst -> msys2-msys2-runtime-3.4.9-3-x86_64.pkg.tar.zst...
-- Using msys root at C:/Users/Etienne SCHMITZ/AppData/Local/vcpkg/downloads/tools/msys2/023cdb3ca06f77f2
-- Fixing pkgconfig file: C:/Users/Etienne SCHMITZ/OneDrive - ESME/Documents/Dévelopement/Template_SDL2/vcpkg_installed/vcpkg/pkgs/sdl2_x64-windows/debug/lib/pkgconfig/sdl2.pc
-- Installing: C:/Users/Etienne SCHMITZ/OneDrive - ESME/Documents/Dévelopement/Template_SDL2/vcpkg_installed/vcpkg/pkgs/sdl2_x64-windows/share/sdl2/usage
-- Installing: C:/Users/Etienne SCHMITZ/OneDrive - ESME/Documents/Dévelopement/Template_SDL2/vcpkg_installed/vcpkg/pkgs/sdl2_x64-windows/share/sdl2/copyright
-- Exécution de la validation post-build
