-- Downloading https://github.com/libsdl-org/SDL_image/archive/release-2.8.2.tar.gz -> libsdl-org-SDL_image-release-2.8.2.tar.gz...
-- Extracting source C:/Users/Etienne SCHMITZ/AppData/Local/vcpkg/downloads/libsdl-org-SDL_image-release-2.8.2.tar.gz
-- Applying patch fix-findwebp.patch
-- Using source at C:/Users/Etienne SCHMITZ/OneDrive - ESME/Documents/Dévelopement/Template_SDL2/vcpkg_installed/vcpkg/blds/sdl2-image/src/ease-2.8.2-89b2ee6bc2.clean
-- Found external ninja('1.11.0').
-- Configuring x64-windows
-- Building x64-windows-dbg
-- Building x64-windows-rel
CMake Warning at scripts/cmake/vcpkg_copy_pdbs.cmake:44 (message):
  Could not find a matching pdb file for:

      C:/Users/Etienne SCHMITZ/OneDrive - ESME/Documents/Dévelopement/Template_SDL2/vcpkg_installed/vcpkg/pkgs/sdl2-image_x64-windows/bin/SDL2_image.dll
      C:/Users/Etienne SCHMITZ/OneDrive - ESME/Documents/Dévelopement/Template_SDL2/vcpkg_installed/vcpkg/pkgs/sdl2-image_x64-windows/debug/bin/SDL2_imaged.dll

Call Stack (most recent call first):
  C:/Users/Etienne SCHMITZ/AppData/Local/vcpkg/registries/git-trees/3635f81751369912771ffb2bcafe46edec201fa5/portfile.cmake:31 (vcpkg_copy_pdbs)
  scripts/ports.cmake:170 (include)


-- Fixing pkgconfig file: C:/Users/Etienne SCHMITZ/OneDrive - ESME/Documents/Dévelopement/Template_SDL2/vcpkg_installed/vcpkg/pkgs/sdl2-image_x64-windows/lib/pkgconfig/SDL2_image.pc
-- Using cached mingw-w64-x86_64-pkgconf-1~2.1.0-1-any.pkg.tar.zst.
-- Using cached msys2-msys2-runtime-3.4.9-3-x86_64.pkg.tar.zst.
-- Using msys root at C:/Users/Etienne SCHMITZ/AppData/Local/vcpkg/downloads/tools/msys2/023cdb3ca06f77f2
-- Fixing pkgconfig file: C:/Users/Etienne SCHMITZ/OneDrive - ESME/Documents/Dévelopement/Template_SDL2/vcpkg_installed/vcpkg/pkgs/sdl2-image_x64-windows/debug/lib/pkgconfig/SDL2_image.pc
-- Installing: C:/Users/Etienne SCHMITZ/OneDrive - ESME/Documents/Dévelopement/Template_SDL2/vcpkg_installed/vcpkg/pkgs/sdl2-image_x64-windows/share/sdl2-image/usage
-- Installing: C:/Users/Etienne SCHMITZ/OneDrive - ESME/Documents/Dévelopement/Template_SDL2/vcpkg_installed/vcpkg/pkgs/sdl2-image_x64-windows/share/sdl2-image/copyright
-- Exécution de la validation post-build
